<?xml version="1.0" encoding="UTF-8"?>
<coverage generated="1684597241429" clover="3.2.0">
  <project timestamp="1684597241429" name="All files">
    <metrics statements="44" coveredstatements="20" conditionals="6" coveredconditionals="5" methods="5" coveredmethods="3" elements="55" coveredelements="28" complexity="0" loc="44" ncloc="44" packages="6" files="6" classes="6"/>
    <package name="src">
      <metrics statements="2" coveredstatements="0" conditionals="0" coveredconditionals="0" methods="0" coveredmethods="0"/>
      <file name="loadEnviroment.ts" path="/Users/judit/Desktop/ISDI CODERS CURSO FULL-STACK/WEEK7/weekend/202304-w7chwe-judit-vives-back/src/loadEnviroment.ts">
        <metrics statements="2" coveredstatements="0" conditionals="0" coveredconditionals="0" methods="0" coveredmethods="0"/>
        <line num="1" count="0" type="stmt"/>
        <line num="2" count="0" type="stmt"/>
      </file>
    </package>
    <package name="src.CustomError">
      <metrics statements="5" coveredstatements="5" conditionals="2" coveredconditionals="2" methods="1" coveredmethods="1"/>
      <file name="CustomError.ts" path="/Users/judit/Desktop/ISDI CODERS CURSO FULL-STACK/WEEK7/weekend/202304-w7chwe-judit-vives-back/src/CustomError/CustomError.ts">
        <metrics statements="5" coveredstatements="5" conditionals="2" coveredconditionals="2" methods="1" coveredmethods="1"/>
        <line num="3" count="2" type="stmt"/>
        <line num="5" count="2" type="stmt"/>
        <line num="7" count="2" type="stmt"/>
        <line num="9" count="2" type="cond" truecount="2" falsecount="0"/>
        <line num="13" count="1" type="stmt"/>
      </file>
    </package>
    <package name="src.server">
      <metrics statements="15" coveredstatements="0" conditionals="0" coveredconditionals="0" methods="0" coveredmethods="0"/>
      <file name="index.ts" path="/Users/judit/Desktop/ISDI CODERS CURSO FULL-STACK/WEEK7/weekend/202304-w7chwe-judit-vives-back/src/server/index.ts">
        <metrics statements="15" coveredstatements="0" conditionals="0" coveredconditionals="0" methods="0" coveredmethods="0"/>
        <line num="1" count="0" type="stmt"/>
        <line num="2" count="0" type="stmt"/>
        <line num="3" count="0" type="stmt"/>
        <line num="4" count="0" type="stmt"/>
        <line num="5" count="0" type="stmt"/>
        <line num="7" count="0" type="stmt"/>
        <line num="12" count="0" type="stmt"/>
        <line num="16" count="0" type="stmt"/>
        <line num="18" count="0" type="stmt"/>
        <line num="20" count="0" type="stmt"/>
        <line num="22" count="0" type="stmt"/>
        <line num="24" count="0" type="stmt"/>
        <line num="26" count="0" type="stmt"/>
        <line num="28" count="0" type="stmt"/>
        <line num="30" count="0" type="stmt"/>
      </file>
    </package>
    <package name="src.server.database">
      <metrics statements="7" coveredstatements="0" conditionals="0" coveredconditionals="0" methods="2" coveredmethods="0"/>
      <file name="connectDatabase.ts" path="/Users/judit/Desktop/ISDI CODERS CURSO FULL-STACK/WEEK7/weekend/202304-w7chwe-judit-vives-back/src/server/database/connectDatabase.ts">
        <metrics statements="7" coveredstatements="0" conditionals="0" coveredconditionals="0" methods="2" coveredmethods="0"/>
        <line num="1" count="0" type="stmt"/>
        <line num="3" count="0" type="stmt"/>
        <line num="4" count="0" type="stmt"/>
        <line num="5" count="0" type="stmt"/>
        <line num="9" count="0" type="stmt"/>
        <line num="13" count="0" type="stmt"/>
        <line num="16" count="0" type="stmt"/>
      </file>
    </package>
    <package name="src.server.middleware.generalError">
      <metrics statements="8" coveredstatements="8" conditionals="4" coveredconditionals="3" methods="1" coveredmethods="1"/>
      <file name="generalError.ts" path="/Users/judit/Desktop/ISDI CODERS CURSO FULL-STACK/WEEK7/weekend/202304-w7chwe-judit-vives-back/src/server/middleware/generalError/generalError.ts">
        <metrics statements="8" coveredstatements="8" conditionals="4" coveredconditionals="3" methods="1" coveredmethods="1"/>
        <line num="2" count="1" type="stmt"/>
        <line num="3" count="1" type="stmt"/>
        <line num="6" count="1" type="stmt"/>
        <line num="8" count="1" type="stmt"/>
        <line num="14" count="2" type="stmt"/>
        <line num="16" count="2" type="cond" truecount="2" falsecount="0"/>
        <line num="17" count="2" type="cond" truecount="1" falsecount="1"/>
        <line num="19" count="2" type="stmt"/>
      </file>
    </package>
    <package name="src.server.middleware.notFoundError">
      <metrics statements="7" coveredstatements="7" conditionals="0" coveredconditionals="0" methods="1" coveredmethods="1"/>
      <file name="notFoundError.ts" path="/Users/judit/Desktop/ISDI CODERS CURSO FULL-STACK/WEEK7/weekend/202304-w7chwe-judit-vives-back/src/server/middleware/notFoundError/notFoundError.ts">
        <metrics statements="7" coveredstatements="7" conditionals="0" coveredconditionals="0" methods="1" coveredmethods="1"/>
        <line num="2" count="1" type="stmt"/>
        <line num="3" count="1" type="stmt"/>
        <line num="5" count="1" type="stmt"/>
        <line num="7" count="1" type="stmt"/>
        <line num="12" count="1" type="stmt"/>
        <line num="14" count="1" type="stmt"/>
        <line num="16" count="1" type="stmt"/>
      </file>
    </package>
  </project>
</coverage>
