{
  "/Users/judit/Desktop/ISDI CODERS CURSO FULL-STACK/WEEK7/weekend/202304-w7chwe-judit-vives-back/src/loadEnviroment.ts": {
    "path": "/Users/judit/Desktop/ISDI CODERS CURSO FULL-STACK/WEEK7/weekend/202304-w7chwe-judit-vives-back/src/loadEnviroment.ts",
    "statementMap": {
      "0": {
        "start": { "line": 1, "column": 0 },
        "end": { "line": 1, "column": 33 }
      },
      "1": {
        "start": { "line": 2, "column": 0 },
        "end": { "line": 2, "column": 16 }
      }
    },
    "fnMap": {},
    "branchMap": {},
    "s": { "0": 0, "1": 0 },
    "f": {},
    "b": {}
  },
  "/Users/judit/Desktop/ISDI CODERS CURSO FULL-STACK/WEEK7/weekend/202304-w7chwe-judit-vives-back/src/CustomError/CustomError.ts": {
    "path": "/Users/judit/Desktop/ISDI CODERS CURSO FULL-STACK/WEEK7/weekend/202304-w7chwe-judit-vives-back/src/CustomError/CustomError.ts",
    "statementMap": {
      "0": {
        "start": { "line": 7, "column": 4 },
        "end": { "line": 7, "column": 19 }
      },
      "1": {
        "start": { "line": 3, "column": 11 },
        "end": { "line": 3, "column": 29 }
      },
      "2": {
        "start": { "line": 5, "column": 11 },
        "end": { "line": 5, "column": 33 }
      },
      "3": {
        "start": { "line": 9, "column": 4 },
        "end": { "line": 9, "column": 50 }
      },
      "4": {
        "start": { "line": 13, "column": 0 },
        "end": { "line": 13, "column": 27 }
      }
    },
    "fnMap": {
      "0": {
        "name": "(anonymous_0)",
        "decl": {
          "start": { "line": 2, "column": 2 },
          "end": { "line": 2, "column": null }
        },
        "loc": {
          "start": { "line": 5, "column": 33 },
          "end": { "line": 10, "column": 3 }
        }
      }
    },
    "branchMap": {
      "0": {
        "loc": {
          "start": { "line": 9, "column": 25 },
          "end": { "line": 9, "column": 49 }
        },
        "type": "binary-expr",
        "locations": [
          {
            "start": { "line": 9, "column": 25 },
            "end": { "line": 9, "column": 38 }
          },
          {
            "start": { "line": 9, "column": 42 },
            "end": { "line": 9, "column": 49 }
          }
        ]
      }
    },
    "s": { "0": 2, "1": 2, "2": 2, "3": 2, "4": 1 },
    "f": { "0": 2 },
    "b": { "0": [2, 2] }
  },
  "/Users/judit/Desktop/ISDI CODERS CURSO FULL-STACK/WEEK7/weekend/202304-w7chwe-judit-vives-back/src/server/index.ts": {
    "path": "/Users/judit/Desktop/ISDI CODERS CURSO FULL-STACK/WEEK7/weekend/202304-w7chwe-judit-vives-back/src/server/index.ts",
    "statementMap": {
      "0": {
        "start": { "line": 1, "column": 0 },
        "end": { "line": 1, "column": 24 }
      },
      "1": {
        "start": { "line": 2, "column": 0 },
        "end": { "line": 2, "column": 30 }
      },
      "2": {
        "start": { "line": 3, "column": 0 },
        "end": { "line": 3, "column": 28 }
      },
      "3": {
        "start": { "line": 4, "column": 0 },
        "end": { "line": 4, "column": 76 }
      },
      "4": {
        "start": { "line": 5, "column": 0 },
        "end": { "line": 5, "column": 73 }
      },
      "5": {
        "start": { "line": 7, "column": 23 },
        "end": { "line": 10, "column": 2 }
      },
      "6": {
        "start": { "line": 12, "column": 38 },
        "end": { "line": 14, "column": 2 }
      },
      "7": {
        "start": { "line": 16, "column": 12 },
        "end": { "line": 16, "column": 21 }
      },
      "8": {
        "start": { "line": 18, "column": 0 },
        "end": { "line": 18, "column": 27 }
      },
      "9": {
        "start": { "line": 20, "column": 0 },
        "end": { "line": 20, "column": 28 }
      },
      "10": {
        "start": { "line": 22, "column": 0 },
        "end": { "line": 22, "column": 23 }
      },
      "11": {
        "start": { "line": 24, "column": 0 },
        "end": { "line": 24, "column": 24 }
      },
      "12": {
        "start": { "line": 26, "column": 0 },
        "end": { "line": 26, "column": 23 }
      },
      "13": {
        "start": { "line": 28, "column": 0 },
        "end": { "line": 28, "column": 22 }
      },
      "14": {
        "start": { "line": 30, "column": 0 },
        "end": { "line": 30, "column": 19 }
      }
    },
    "fnMap": {},
    "branchMap": {},
    "s": {
      "0": 0,
      "1": 0,
      "2": 0,
      "3": 0,
      "4": 0,
      "5": 0,
      "6": 0,
      "7": 0,
      "8": 0,
      "9": 0,
      "10": 0,
      "11": 0,
      "12": 0,
      "13": 0,
      "14": 0
    },
    "f": {},
    "b": {}
  },
  "/Users/judit/Desktop/ISDI CODERS CURSO FULL-STACK/WEEK7/weekend/202304-w7chwe-judit-vives-back/src/server/database/connectDatabase.ts": {
    "path": "/Users/judit/Desktop/ISDI CODERS CURSO FULL-STACK/WEEK7/weekend/202304-w7chwe-judit-vives-back/src/server/database/connectDatabase.ts",
    "statementMap": {
      "0": {
        "start": { "line": 1, "column": 0 },
        "end": { "line": 1, "column": 32 }
      },
      "1": {
        "start": { "line": 3, "column": 26 },
        "end": { "line": 14, "column": 1 }
      },
      "2": {
        "start": { "line": 4, "column": 2 },
        "end": { "line": 4, "column": 31 }
      },
      "3": {
        "start": { "line": 5, "column": 2 },
        "end": { "line": 11, "column": 5 }
      },
      "4": {
        "start": { "line": 9, "column": 6 },
        "end": { "line": 9, "column": 21 }
      },
      "5": {
        "start": { "line": 13, "column": 2 },
        "end": { "line": 13, "column": 37 }
      },
      "6": {
        "start": { "line": 16, "column": 0 },
        "end": { "line": 16, "column": 33 }
      }
    },
    "fnMap": {
      "0": {
        "name": "(anonymous_1)",
        "decl": {
          "start": { "line": 3, "column": 26 },
          "end": { "line": 3, "column": 31 }
        },
        "loc": {
          "start": { "line": 3, "column": 55 },
          "end": { "line": 14, "column": 1 }
        }
      },
      "1": {
        "name": "(anonymous_2)",
        "decl": {
          "start": { "line": 8, "column": 4 },
          "end": { "line": 8, "column": 13 }
        },
        "loc": {
          "start": { "line": 8, "column": 22 },
          "end": { "line": 10, "column": 5 }
        }
      }
    },
    "branchMap": {},
    "s": { "0": 0, "1": 0, "2": 0, "3": 0, "4": 0, "5": 0, "6": 0 },
    "f": { "0": 0, "1": 0 },
    "b": {}
  },
  "/Users/judit/Desktop/ISDI CODERS CURSO FULL-STACK/WEEK7/weekend/202304-w7chwe-judit-vives-back/src/server/middleware/generalError/generalError.ts": {
    "path": "/Users/judit/Desktop/ISDI CODERS CURSO FULL-STACK/WEEK7/weekend/202304-w7chwe-judit-vives-back/src/server/middleware/generalError/generalError.ts",
    "statementMap": {
      "0": {
        "start": { "line": 2, "column": 0 },
        "end": { "line": 2, "column": 32 }
      },
      "1": {
        "start": { "line": 3, "column": 0 },
        "end": { "line": 3, "column": 26 }
      },
      "2": {
        "start": { "line": 6, "column": 14 },
        "end": { "line": 6, "column": 75 }
      },
      "3": {
        "start": { "line": 8, "column": 28 },
        "end": { "line": 20, "column": 1 }
      },
      "4": {
        "start": { "line": 14, "column": 2 },
        "end": { "line": 14, "column": 34 }
      },
      "5": {
        "start": { "line": 16, "column": 21 },
        "end": { "line": 16, "column": 44 }
      },
      "6": {
        "start": { "line": 17, "column": 18 },
        "end": { "line": 17, "column": 77 }
      },
      "7": {
        "start": { "line": 19, "column": 2 },
        "end": { "line": 19, "column": 43 }
      },
      "8": {
        "start": { "line": 8, "column": 13 },
        "end": { "line": 8, "column": 28 }
      }
    },
    "fnMap": {
      "0": {
        "name": "(anonymous_1)",
        "decl": {
          "start": { "line": 8, "column": 28 },
          "end": { "line": 8, "column": null }
        },
        "loc": {
          "start": { "line": 13, "column": 4 },
          "end": { "line": 20, "column": 1 }
        }
      }
    },
    "branchMap": {
      "0": {
        "loc": {
          "start": { "line": 16, "column": 21 },
          "end": { "line": 16, "column": 44 }
        },
        "type": "binary-expr",
        "locations": [
          {
            "start": { "line": 16, "column": 21 },
            "end": { "line": 16, "column": 37 }
          },
          {
            "start": { "line": 16, "column": 41 },
            "end": { "line": 16, "column": 44 }
          }
        ]
      },
      "1": {
        "loc": {
          "start": { "line": 17, "column": 18 },
          "end": { "line": 17, "column": 77 }
        },
        "type": "cond-expr",
        "locations": [
          {
            "start": { "line": 17, "column": 37 },
            "end": { "line": 17, "column": 50 }
          },
          {
            "start": { "line": 17, "column": 53 },
            "end": { "line": 17, "column": 77 }
          }
        ]
      }
    },
    "s": {
      "0": 1,
      "1": 1,
      "2": 1,
      "3": 1,
      "4": 2,
      "5": 2,
      "6": 2,
      "7": 2,
      "8": 1
    },
    "f": { "0": 2 },
    "b": { "0": [2, 2], "1": [0, 2] }
  },
  "/Users/judit/Desktop/ISDI CODERS CURSO FULL-STACK/WEEK7/weekend/202304-w7chwe-judit-vives-back/src/server/middleware/notFoundError/notFoundError.ts": {
    "path": "/Users/judit/Desktop/ISDI CODERS CURSO FULL-STACK/WEEK7/weekend/202304-w7chwe-judit-vives-back/src/server/middleware/notFoundError/notFoundError.ts",
    "statementMap": {
      "0": {
        "start": { "line": 2, "column": 0 },
        "end": { "line": 2, "column": 32 }
      },
      "1": {
        "start": { "line": 3, "column": 0 },
        "end": { "line": 3, "column": 62 }
      },
      "2": {
        "start": { "line": 5, "column": 14 },
        "end": { "line": 5, "column": 76 }
      },
      "3": {
        "start": { "line": 7, "column": 29 },
        "end": { "line": 17, "column": 1 }
      },
      "4": {
        "start": { "line": 12, "column": 16 },
        "end": { "line": 12, "column": 58 }
      },
      "5": {
        "start": { "line": 14, "column": 2 },
        "end": { "line": 14, "column": 23 }
      },
      "6": {
        "start": { "line": 16, "column": 2 },
        "end": { "line": 16, "column": 14 }
      },
      "7": {
        "start": { "line": 7, "column": 13 },
        "end": { "line": 7, "column": 29 }
      }
    },
    "fnMap": {
      "0": {
        "name": "(anonymous_1)",
        "decl": {
          "start": { "line": 7, "column": 29 },
          "end": { "line": 7, "column": null }
        },
        "loc": {
          "start": { "line": 11, "column": 4 },
          "end": { "line": 17, "column": 1 }
        }
      }
    },
    "branchMap": {},
    "s": { "0": 1, "1": 1, "2": 1, "3": 1, "4": 1, "5": 1, "6": 1, "7": 1 },
    "f": { "0": 1 },
    "b": {}
  }
}
